<?xml version="1.0" encoding="UTF-8"?>
<!-- Generated by org.testng.reporters.JUnitXMLReporter -->
<testsuite ignored="0" hostname="DESKTOP-8R8BS65" failures="0" tests="2" name="Test" time="29.257" errors="0" timestamp="2025-09-19T00:09:09 IST">
  <testcase classname="com.mystore.testcase.TC_AccountCreationDetailsTest" name="verifyLogintest" time="12.544"/>
  <testcase classname="com.mystore.testcase.TC_AccountCreationDetailsTest" name="verifyaccountDetails" time="13.474"/>
</testsuite> <!-- Test -->
