<?xml version="1.0" encoding="UTF-8"?>
<testng-results ignored="0" total="1" passed="1" failed="0" skipped="0">
  <reporter-output>
  </reporter-output>
  <suite started-at="2025-09-14T15:09:46 IST" name="Suite" finished-at="2025-09-14T15:10:45 IST" duration-ms="58791">
    <groups>
    </groups>
    <test started-at="2025-09-14T15:09:46 IST" name="Test" finished-at="2025-09-14T15:10:45 IST" duration-ms="58791">
      <class name="com.mystore.testcase.TC_AccountCreationDetailsTest">
        <test-method is-config="true" signature="BS()[pri:0, instance:com.mystore.testcase.TC_AccountCreationDetailsTest@c35172e]" started-at="2025-09-14T15:09:45 IST" name="BS" finished-at="2025-09-14T15:09:46 IST" duration-ms="1326" status="PASS">
          <reporter-output>
          </reporter-output>
        </test-method> <!-- BS -->
        <test-method is-config="true" signature="setup(java.lang.String)[pri:0, instance:com.mystore.testcase.TC_AccountCreationDetailsTest@c35172e]" started-at="2025-09-14T15:09:46 IST" name="setup" finished-at="2025-09-14T15:10:21 IST" duration-ms="35391" status="PASS">
          <params>
            <param index="0">
              <value>
                <![CDATA[chrome]]>
              </value>
            </param>
          </params>
          <reporter-output>
          </reporter-output>
        </test-method> <!-- setup -->
        <test-method signature="accountDetails()[pri:0, instance:com.mystore.testcase.TC_AccountCreationDetailsTest@c35172e]" started-at="2025-09-14T15:10:21 IST" name="accountDetails" finished-at="2025-09-14T15:10:45 IST" duration-ms="23319" status="PASS">
          <reporter-output>
          </reporter-output>
        </test-method> <!-- accountDetails -->
        <test-method is-config="true" signature="tearDown()[pri:0, instance:com.mystore.testcase.TC_AccountCreationDetailsTest@c35172e]" started-at="2025-09-14T15:10:45 IST" name="tearDown" finished-at="2025-09-14T15:10:45 IST" duration-ms="1" status="PASS">
          <reporter-output>
          </reporter-output>
        </test-method> <!-- tearDown -->
      </class> <!-- com.mystore.testcase.TC_AccountCreationDetailsTest -->
    </test> <!-- Test -->
  </suite> <!-- Suite -->
</testng-results>
