<?xml version="1.0" encoding="UTF-8"?>
<testng-results ignored="0" total="2" passed="2" failed="0" skipped="0">
  <reporter-output>
  </reporter-output>
  <suite started-at="2025-09-19T00:08:40 IST" name="Suite" finished-at="2025-09-19T00:09:09 IST" duration-ms="29257">
    <groups>
    </groups>
    <test started-at="2025-09-19T00:08:40 IST" name="Test" finished-at="2025-09-19T00:09:09 IST" duration-ms="29257">
      <class name="com.mystore.testcase.TC_AccountCreationDetailsTest">
        <test-method is-config="true" signature="BS()[pri:0, instance:com.mystore.testcase.TC_AccountCreationDetailsTest@5b202a3a]" started-at="2025-09-19T00:08:39 IST" name="BS" finished-at="2025-09-19T00:08:40 IST" duration-ms="1052" status="PASS">
          <reporter-output>
          </reporter-output>
        </test-method> <!-- BS -->
        <test-method is-config="true" signature="setup(java.lang.String)[pri:0, instance:com.mystore.testcase.TC_AccountCreationDetailsTest@5b202a3a]" started-at="2025-09-19T00:08:40 IST" name="setup" finished-at="2025-09-19T00:08:43 IST" duration-ms="2668" status="PASS">
          <params>
            <param index="0">
              <value>
                <![CDATA[chrome]]>
              </value>
            </param>
          </params>
          <reporter-output>
          </reporter-output>
        </test-method> <!-- setup -->
        <test-method signature="verifyLogintest()[pri:0, instance:com.mystore.testcase.TC_AccountCreationDetailsTest@5b202a3a]" started-at="2025-09-19T00:08:43 IST" name="verifyLogintest" finished-at="2025-09-19T00:08:55 IST" duration-ms="12544" status="PASS">
          <reporter-output>
          </reporter-output>
        </test-method> <!-- verifyLogintest -->
        <test-method signature="verifyaccountDetails()[pri:0, instance:com.mystore.testcase.TC_AccountCreationDetailsTest@5b202a3a]" started-at="2025-09-19T00:08:55 IST" name="verifyaccountDetails" finished-at="2025-09-19T00:09:09 IST" duration-ms="13474" status="PASS">
          <reporter-output>
          </reporter-output>
        </test-method> <!-- verifyaccountDetails -->
        <test-method is-config="true" signature="tearDown()[pri:0, instance:com.mystore.testcase.TC_AccountCreationDetailsTest@5b202a3a]" started-at="2025-09-19T00:09:09 IST" name="tearDown" finished-at="2025-09-19T00:09:09 IST" duration-ms="487" status="PASS">
          <reporter-output>
          </reporter-output>
        </test-method> <!-- tearDown -->
      </class> <!-- com.mystore.testcase.TC_AccountCreationDetailsTest -->
    </test> <!-- Test -->
  </suite> <!-- Suite -->
</testng-results>
